d:\code\cpp projects\cpp_parallelraytracer\parrallelraytracer\x64\release\vc142.pdb
d:\code\cpp projects\cpp_parallelraytracer\parrallelraytracer\x64\release\sphere.obj
d:\code\cpp projects\cpp_parallelraytracer\parrallelraytracer\x64\release\screen.obj
d:\code\cpp projects\cpp_parallelraytracer\parrallelraytracer\x64\release\renderer.obj
d:\code\cpp projects\cpp_parallelraytracer\parrallelraytracer\x64\release\ray.obj
d:\code\cpp projects\cpp_parallelraytracer\parrallelraytracer\x64\release\parrallelraytracer.obj
d:\code\cpp projects\cpp_parallelraytracer\parrallelraytracer\x64\release\newrenderer.obj
d:\code\cpp projects\cpp_parallelraytracer\parrallelraytracer\x64\release\mutexrenderer.obj
d:\code\cpp projects\cpp_parallelraytracer\parrallelraytracer\x64\release\material.obj
d:\code\cpp projects\cpp_parallelraytracer\parrallelraytracer\x64\release\hurstlogger.obj
d:\code\cpp projects\cpp_parallelraytracer\parrallelraytracer\x64\release\hittablescene.obj
d:\code\cpp projects\cpp_parallelraytracer\parrallelraytracer\x64\release\hittableobject.obj
d:\code\cpp projects\cpp_parallelraytracer\parrallelraytracer\x64\release\frame.obj
d:\code\cpp projects\cpp_parallelraytracer\parrallelraytracer\x64\release\camera.obj
d:\code\cpp projects\cpp_parallelraytracer\parrallelraytracer\x64\release\parrallelraytracer.exe
d:\code\cpp projects\cpp_parallelraytracer\parrallelraytracer\x64\release\parrallelraytracer.pdb
d:\code\cpp projects\cpp_parallelraytracer\parrallelraytracer\x64\release\parrallelraytracer.ipdb
d:\code\cpp projects\cpp_parallelraytracer\parrallelraytracer\x64\release\parrallelraytracer.iobj
d:\code\cpp projects\cpp_parallelraytracer\parrallelraytracer\x64\release\parralle.1b9536a3.tlog\cl.command.1.tlog
d:\code\cpp projects\cpp_parallelraytracer\parrallelraytracer\x64\release\parralle.1b9536a3.tlog\cl.read.1.tlog
d:\code\cpp projects\cpp_parallelraytracer\parrallelraytracer\x64\release\parralle.1b9536a3.tlog\cl.write.1.tlog
d:\code\cpp projects\cpp_parallelraytracer\parrallelraytracer\x64\release\parralle.1b9536a3.tlog\link.command.1.tlog
d:\code\cpp projects\cpp_parallelraytracer\parrallelraytracer\x64\release\parralle.1b9536a3.tlog\link.read.1.tlog
d:\code\cpp projects\cpp_parallelraytracer\parrallelraytracer\x64\release\parralle.1b9536a3.tlog\link.write.1.tlog
d:\code\cpp projects\cpp_parallelraytracer\parrallelraytracer\x64\release\parralle.1b9536a3.tlog\parrallelraytracer.write.1u.tlog
