c:\users\thesh\source\repos\cpp_parallelraytracer\parrallelraytracer\x64\debug\vc142.pdb
c:\users\thesh\source\repos\cpp_parallelraytracer\parrallelraytracer\x64\debug\vc142.idb
c:\users\thesh\source\repos\cpp_parallelraytracer\parrallelraytracer\x64\debug\sphere.obj
c:\users\thesh\source\repos\cpp_parallelraytracer\parrallelraytracer\x64\debug\screen.obj
c:\users\thesh\source\repos\cpp_parallelraytracer\parrallelraytracer\x64\debug\renderer.obj
c:\users\thesh\source\repos\cpp_parallelraytracer\parrallelraytracer\x64\debug\ray.obj
c:\users\thesh\source\repos\cpp_parallelraytracer\parrallelraytracer\x64\debug\parrallelraytracer.obj
c:\users\thesh\source\repos\cpp_parallelraytracer\parrallelraytracer\x64\debug\newrenderer.obj
c:\users\thesh\source\repos\cpp_parallelraytracer\parrallelraytracer\x64\debug\material.obj
c:\users\thesh\source\repos\cpp_parallelraytracer\parrallelraytracer\x64\debug\hittablescene.obj
c:\users\thesh\source\repos\cpp_parallelraytracer\parrallelraytracer\x64\debug\hittableobject.obj
c:\users\thesh\source\repos\cpp_parallelraytracer\parrallelraytracer\x64\debug\frame.obj
c:\users\thesh\source\repos\cpp_parallelraytracer\parrallelraytracer\x64\debug\camera.obj
c:\users\thesh\source\repos\cpp_parallelraytracer\parrallelraytracer\x64\debug\parrallelraytracer.pdb
c:\users\thesh\source\repos\cpp_parallelraytracer\parrallelraytracer\x64\debug\parralle.1b9536a3.tlog\cl.command.1.tlog
c:\users\thesh\source\repos\cpp_parallelraytracer\parrallelraytracer\x64\debug\parralle.1b9536a3.tlog\cl.read.1.tlog
c:\users\thesh\source\repos\cpp_parallelraytracer\parrallelraytracer\x64\debug\parralle.1b9536a3.tlog\cl.write.1.tlog
c:\users\thesh\source\repos\cpp_parallelraytracer\parrallelraytracer\x64\debug\parralle.1b9536a3.tlog\link-cvtres.read.1.tlog
c:\users\thesh\source\repos\cpp_parallelraytracer\parrallelraytracer\x64\debug\parralle.1b9536a3.tlog\link-cvtres.write.1.tlog
c:\users\thesh\source\repos\cpp_parallelraytracer\parrallelraytracer\x64\debug\parralle.1b9536a3.tlog\link-rc.read.1.tlog
c:\users\thesh\source\repos\cpp_parallelraytracer\parrallelraytracer\x64\debug\parralle.1b9536a3.tlog\link-rc.write.1.tlog
c:\users\thesh\source\repos\cpp_parallelraytracer\parrallelraytracer\x64\debug\parralle.1b9536a3.tlog\link.command.1.tlog
c:\users\thesh\source\repos\cpp_parallelraytracer\parrallelraytracer\x64\debug\parralle.1b9536a3.tlog\link.read.1.tlog
c:\users\thesh\source\repos\cpp_parallelraytracer\parrallelraytracer\x64\debug\parralle.1b9536a3.tlog\link.write.1.tlog
